<?xml version="1.0" encoding="UTF-8"?>
<testsuite name="Login Test"
           tests="3"
           failures="0"
           errors="0"
           skipped="0"
           time="5.061">
  <properties />
  
  
            <testcase name="verifyThatFirstNameLastNameEmailPasswordAndConfirmPasswordFieldsAreMandatory" time="1.033" classname="com.nopcommerce.demo.testsuite.RegisterPageTest" />
                <testcase name="averifyThatUserShouldCreateAccountSuccessfully" time="3.356" classname="com.nopcommerce.demo.testsuite.RegisterPageTest" />
                <testcase name="verifyUserShouldNavigateToRegisterPageSuccessfully" time="0.672" classname="com.nopcommerce.demo.testsuite.RegisterPageTest" />
      
</testsuite>
